# JRE version: OpenJDK Runtime Environment (17.0.9) (build 17.0.9+0--11185874)
# Java VM: OpenJDK 64-Bit Server VM (17.0.9+0--11185874, mixed mode, tiered, compressed oops, compressed class ptrs, g1 gc, windows-amd64)
GC Precious Log:
 CPUs: 4 total, 4 available
 Memory: 12172M
 Large Page Support: Disabled
 NUMA Support: Disabled
 Compressed Oops: Enabled (Zero based)
 Heap Region Size: 4M
 Heap Min Capacity: 8M
 Heap Initial Capacity: 192M
 Heap Max Capacity: 8G
 Pre-touch: Disabled
 Parallel Workers: 4
 Concurrent Workers: 1
 Concurrent Refinement Workers: 4
 Periodic GC: Disabled
Heap:
 garbage-first heap   total 983040K, used 406632K [0x0000000600000000, 0x0000000800000000)
  region size 4096K, 4 young (16384K), 4 survivors (16384K)
 Metaspace       used 194034K, committed 195648K, reserved 1245184K
  class space    used 24868K, committed 25664K, reserved 1048576K
GC Heap History (20 events):
Event: 1074.149 GC heap after
{Heap after GC invocations=48 (full 0):
 garbage-first heap   total 983040K, used 190699K [0x0000000600000000, 0x0000000800000000)
  region size 4096K, 7 young (28672K), 7 survivors (28672K)
 Metaspace       used 140047K, committed 141184K, reserved 1179648K
  class space    used 18796K, committed 19328K, reserved 1048576K
}
Event: 2227.442 GC heap before
{Heap before GC invocations=48 (full 0):
 garbage-first heap   total 983040K, used 768235K [0x0000000600000000, 0x0000000800000000)
  region size 4096K, 144 young (589824K), 7 survivors (28672K)
 Metaspace       used 146370K, committed 147648K, reserved 1179648K
  class space    used 19704K, committed 20288K, reserved 1048576K
}
Event: 2227.487 GC heap after
{Heap after GC invocations=49 (full 0):
 garbage-first heap   total 983040K, used 211478K [0x0000000600000000, 0x0000000800000000)
  region size 4096K, 7 young (28672K), 7 survivors (28672K)
 Metaspace       used 146370K, committed 147648K, reserved 1179648K
  class space    used 19704K, committed 20288K, reserved 1048576K
}
Event: 2239.002 GC heap before
{Heap before GC invocations=49 (full 0):
 garbage-first heap   total 983040K, used 780822K [0x0000000600000000, 0x0000000800000000)
  region size 4096K, 144 young (589824K), 7 survivors (28672K)
 Metaspace       used 162733K, committed 164224K, reserved 1245184K
  class space    used 21619K, committed 22336K, reserved 1048576K
}
Event: 2239.130 GC heap after
{Heap after GC invocations=50 (full 0):
 garbage-first heap   total 983040K, used 250735K [0x0000000600000000, 0x0000000800000000)
  region size 4096K, 14 young (57344K), 14 survivors (57344K)
 Metaspace       used 162733K, committed 164224K, reserved 1245184K
  class space    used 21619K, committed 22336K, reserved 1048576K
}
Event: 2252.262 GC heap before
{Heap before GC invocations=50 (full 0):
 garbage-first heap   total 983040K, used 828271K [0x0000000600000000, 0x0000000800000000)
  region size 4096K, 144 young (589824K), 14 survivors (57344K)
 Metaspace       used 173122K, committed 174656K, reserved 1245184K
  class space    used 22649K, committed 23360K, reserved 1048576K
}
Event: 2252.460 GC heap after
{Heap after GC invocations=51 (full 0):
 garbage-first heap   total 983040K, used 278907K [0x0000000600000000, 0x0000000800000000)
  region size 4096K, 14 young (57344K), 14 survivors (57344K)
 Metaspace       used 173122K, committed 174656K, reserved 1245184K
  class space    used 22649K, committed 23360K, reserved 1048576K
}
Event: 2266.141 GC heap before
{Heap before GC invocations=51 (full 0):
 garbage-first heap   total 983040K, used 741755K [0x0000000600000000, 0x0000000800000000)
  region size 4096K, 128 young (524288K), 14 survivors (57344K)
 Metaspace       used 190984K, committed 192640K, reserved 1245184K
  class space    used 24621K, committed 25408K, reserved 1048576K
}
Event: 2266.372 GC heap after
{Heap after GC invocations=52 (full 0):
 garbage-first heap   total 983040K, used 367798K [0x0000000600000000, 0x0000000800000000)
  region size 4096K, 18 young (73728K), 18 survivors (73728K)
 Metaspace       used 190984K, committed 192640K, reserved 1245184K
  class space    used 24621K, committed 25408K, reserved 1048576K
}
Event: 2269.221 GC heap before
{Heap before GC invocations=53 (full 0):
 garbage-first heap   total 983040K, used 593078K [0x0000000600000000, 0x0000000800000000)
  region size 4096K, 73 young (299008K), 18 survivors (73728K)
 Metaspace       used 193003K, committed 194624K, reserved 1245184K
  class space    used 24813K, committed 25600K, reserved 1048576K
}
Event: 2269.402 GC heap after
{Heap after GC invocations=54 (full 0):
 garbage-first heap   total 983040K, used 387072K [0x0000000600000000, 0x0000000800000000)
  region size 4096K, 4 young (16384K), 4 survivors (16384K)
 Metaspace       used 193003K, committed 194624K, reserved 1245184K
  class space    used 24813K, committed 25600K, reserved 1048576K
}
Event: 2269.903 GC heap before
{Heap before GC invocations=54 (full 0):
 garbage-first heap   total 983040K, used 419840K [0x0000000600000000, 0x0000000800000000)
  region size 4096K, 12 young (49152K), 4 survivors (16384K)
 Metaspace       used 193041K, committed 194688K, reserved 1245184K
  class space    used 24813K, committed 25600K, reserved 1048576K
}
Event: 2269.954 GC heap after
{Heap after GC invocations=55 (full 0):
 garbage-first heap   total 983040K, used 386297K [0x0000000600000000, 0x0000000800000000)
  region size 4096K, 2 young (8192K), 2 survivors (8192K)
 Metaspace       used 193041K, committed 194688K, reserved 1245184K
  class space    used 24813K, committed 25600K, reserved 1048576K
}
Event: 2271.679 GC heap before
{Heap before GC invocations=55 (full 0):
 garbage-first heap   total 983040K, used 759033K [0x0000000600000000, 0x0000000800000000)
  region size 4096K, 93 young (380928K), 2 survivors (8192K)
 Metaspace       used 193179K, committed 194816K, reserved 1245184K
  class space    used 24818K, committed 25600K, reserved 1048576K
}
Event: 2271.697 GC heap after
{Heap after GC invocations=56 (full 0):
 garbage-first heap   total 983040K, used 392646K [0x0000000600000000, 0x0000000800000000)
  region size 4096K, 3 young (12288K), 3 survivors (12288K)
 Metaspace       used 193179K, committed 194816K, reserved 1245184K
  class space    used 24818K, committed 25600K, reserved 1048576K
}
Event: 2273.567 GC heap before
{Heap before GC invocations=57 (full 0):
 garbage-first heap   total 983040K, used 781766K [0x0000000600000000, 0x0000000800000000)
  region size 4096K, 97 young (397312K), 3 survivors (12288K)
 Metaspace       used 193070K, committed 194880K, reserved 1245184K
  class space    used 24779K, committed 25600K, reserved 1048576K
}
Event: 2273.590 GC heap after
{Heap after GC invocations=58 (full 0):
 garbage-first heap   total 983040K, used 405343K [0x0000000600000000, 0x0000000800000000)
  region size 4096K, 5 young (20480K), 5 survivors (20480K)
 Metaspace       used 193070K, committed 194880K, reserved 1245184K
  class space    used 24779K, committed 25600K, reserved 1048576K
}
Event: 2273.683 GC heap before
{Heap before GC invocations=58 (full 0):
 garbage-first heap   total 983040K, used 434015K [0x0000000600000000, 0x0000000800000000)
  region size 4096K, 12 young (49152K), 5 survivors (20480K)
 Metaspace       used 193071K, committed 194880K, reserved 1245184K
  class space    used 24779K, committed 25600K, reserved 1048576K
}
Event: 2273.722 GC heap after
{Heap after GC invocations=59 (full 0):
 garbage-first heap   total 983040K, used 394256K [0x0000000600000000, 0x0000000800000000)
  region size 4096K, 1 young (4096K), 1 survivors (4096K)
 Metaspace       used 193071K, committed 194880K, reserved 1245184K
  class space    used 24779K, committed 25600K, reserved 1048576K
}
Event: 2276.582 GC heap before
{Heap before GC invocations=59 (full 0):
 garbage-first heap   total 983040K, used 795664K [0x0000000600000000, 0x0000000800000000)
  region size 4096K, 99 young (405504K), 1 survivors (4096K)
 Metaspace       used 194034K, committed 195648K, reserved 1245184K
  class space    used 24868K, committed 25664K, reserved 1048576K
}

