# JRE version: OpenJDK Runtime Environment (17.0.9) (build 17.0.9+0--11185874)
# Java VM: OpenJDK 64-Bit Server VM (17.0.9+0--11185874, mixed mode, tiered, compressed oops, compressed class ptrs, g1 gc, windows-amd64)
GC Precious Log:
 CPUs: 4 total, 4 available
 Memory: 12172M
 Large Page Support: Disabled
 NUMA Support: Disabled
 Compressed Oops: Enabled (Zero based)
 Heap Region Size: 4M
 Heap Min Capacity: 8M
 Heap Initial Capacity: 192M
 Heap Max Capacity: 8G
 Pre-touch: Disabled
 Parallel Workers: 4
 Concurrent Workers: 1
 Concurrent Refinement Workers: 4
 Periodic GC: Disabled
Heap:
 garbage-first heap   total 1314816K, used 596268K [0x0000000600000000, 0x0000000800000000)
  region size 4096K, 2 young (8192K), 2 survivors (8192K)
 Metaspace       used 147954K, committed 149056K, reserved 1179648K
  class space    used 19249K, committed 19776K, reserved 1048576K
GC Heap History (20 events):
Event: 52.166 GC heap after
{Heap after GC invocations=48 (full 0):
 garbage-first heap   total 1081344K, used 304038K [0x0000000600000000, 0x0000000800000000)
  region size 4096K, 11 young (45056K), 11 survivors (45056K)
 Metaspace       used 121464K, committed 122368K, reserved 1179648K
  class space    used 16313K, committed 16768K, reserved 1048576K
}
Event: 53.739 GC heap before
{Heap before GC invocations=48 (full 0):
 garbage-first heap   total 1081344K, used 906150K [0x0000000600000000, 0x0000000800000000)
  region size 4096K, 158 young (647168K), 11 survivors (45056K)
 Metaspace       used 121486K, committed 122432K, reserved 1179648K
  class space    used 16315K, committed 16768K, reserved 1048576K
}
Event: 53.811 GC heap after
{Heap after GC invocations=49 (full 0):
 garbage-first heap   total 1298432K, used 304441K [0x0000000600000000, 0x0000000800000000)
  region size 4096K, 11 young (45056K), 11 survivors (45056K)
 Metaspace       used 121486K, committed 122432K, reserved 1179648K
  class space    used 16315K, committed 16768K, reserved 1048576K
}
Event: 59.115 GC heap before
{Heap before GC invocations=49 (full 0):
 garbage-first heap   total 1298432K, used 1037625K [0x0000000600000000, 0x0000000800000000)
  region size 4096K, 190 young (778240K), 11 survivors (45056K)
 Metaspace       used 125188K, committed 126080K, reserved 1179648K
  class space    used 16765K, committed 17216K, reserved 1048576K
}
Event: 59.223 GC heap after
{Heap after GC invocations=50 (full 0):
 garbage-first heap   total 1298432K, used 335324K [0x0000000600000000, 0x0000000800000000)
  region size 4096K, 19 young (77824K), 19 survivors (77824K)
 Metaspace       used 125188K, committed 126080K, reserved 1179648K
  class space    used 16765K, committed 17216K, reserved 1048576K
}
Event: 66.069 GC heap before
{Heap before GC invocations=50 (full 0):
 garbage-first heap   total 1298432K, used 1031644K [0x0000000600000000, 0x0000000800000000)
  region size 4096K, 190 young (778240K), 19 survivors (77824K)
 Metaspace       used 125375K, committed 126336K, reserved 1179648K
  class space    used 16767K, committed 17216K, reserved 1048576K
}
Event: 66.138 GC heap after
{Heap after GC invocations=51 (full 0):
 garbage-first heap   total 1298432K, used 310623K [0x0000000600000000, 0x0000000800000000)
  region size 4096K, 8 young (32768K), 8 survivors (32768K)
 Metaspace       used 125375K, committed 126336K, reserved 1179648K
  class space    used 16767K, committed 17216K, reserved 1048576K
}
Event: 94.810 GC heap before
{Heap before GC invocations=51 (full 0):
 garbage-first heap   total 1298432K, used 1129823K [0x0000000600000000, 0x0000000800000000)
  region size 4096K, 190 young (778240K), 8 survivors (32768K)
 Metaspace       used 129857K, committed 130752K, reserved 1179648K
  class space    used 17298K, committed 17728K, reserved 1048576K
}
Event: 94.893 GC heap after
{Heap after GC invocations=52 (full 0):
 garbage-first heap   total 1298432K, used 349094K [0x0000000600000000, 0x0000000800000000)
  region size 4096K, 15 young (61440K), 15 survivors (61440K)
 Metaspace       used 129857K, committed 130752K, reserved 1179648K
  class space    used 17298K, committed 17728K, reserved 1048576K
}
Event: 102.703 GC heap before
{Heap before GC invocations=52 (full 0):
 garbage-first heap   total 1298432K, used 1147814K [0x0000000600000000, 0x0000000800000000)
  region size 4096K, 190 young (778240K), 15 survivors (61440K)
 Metaspace       used 138188K, committed 139136K, reserved 1179648K
  class space    used 18293K, committed 18752K, reserved 1048576K
}
Event: 102.774 GC heap after
{Heap after GC invocations=53 (full 0):
 garbage-first heap   total 1298432K, used 333357K [0x0000000600000000, 0x0000000800000000)
  region size 4096K, 11 young (45056K), 11 survivors (45056K)
 Metaspace       used 138188K, committed 139136K, reserved 1179648K
  class space    used 18293K, committed 18752K, reserved 1048576K
}
Event: 307.504 GC heap before
{Heap before GC invocations=53 (full 0):
 garbage-first heap   total 1298432K, used 1099309K [0x0000000600000000, 0x0000000800000000)
  region size 4096K, 190 young (778240K), 11 survivors (45056K)
 Metaspace       used 147753K, committed 148864K, reserved 1179648K
  class space    used 19231K, committed 19776K, reserved 1048576K
}
Event: 307.949 GC heap after
{Heap after GC invocations=54 (full 0):
 garbage-first heap   total 1314816K, used 522142K [0x0000000600000000, 0x0000000800000000)
  region size 4096K, 24 young (98304K), 24 survivors (98304K)
 Metaspace       used 147753K, committed 148864K, reserved 1179648K
  class space    used 19231K, committed 19776K, reserved 1048576K
}
Event: 308.261 GC heap before
{Heap before GC invocations=54 (full 0):
 garbage-first heap   total 1314816K, used 546718K [0x0000000600000000, 0x0000000800000000)
  region size 4096K, 30 young (122880K), 24 survivors (98304K)
 Metaspace       used 147753K, committed 148864K, reserved 1179648K
  class space    used 19231K, committed 19776K, reserved 1048576K
}
Event: 308.462 GC heap after
{Heap after GC invocations=55 (full 0):
 garbage-first heap   total 1314816K, used 542720K [0x0000000600000000, 0x0000000800000000)
  region size 4096K, 4 young (16384K), 4 survivors (16384K)
 Metaspace       used 147753K, committed 148864K, reserved 1179648K
  class space    used 19231K, committed 19776K, reserved 1048576K
}
Event: 309.876 GC heap before
{Heap before GC invocations=55 (full 0):
 garbage-first heap   total 1314816K, used 641024K [0x0000000600000000, 0x0000000800000000)
  region size 4096K, 29 young (118784K), 4 survivors (16384K)
 Metaspace       used 147920K, committed 149056K, reserved 1179648K
  class space    used 19248K, committed 19776K, reserved 1048576K
}
Event: 309.938 GC heap after
{Heap after GC invocations=56 (full 0):
 garbage-first heap   total 1314816K, used 577536K [0x0000000600000000, 0x0000000800000000)
  region size 4096K, 4 young (16384K), 4 survivors (16384K)
 Metaspace       used 147920K, committed 149056K, reserved 1179648K
  class space    used 19248K, committed 19776K, reserved 1048576K
}
Event: 310.770 GC heap before
{Heap before GC invocations=56 (full 0):
 garbage-first heap   total 1314816K, used 622592K [0x0000000600000000, 0x0000000800000000)
  region size 4096K, 16 young (65536K), 4 survivors (16384K)
 Metaspace       used 147946K, committed 149056K, reserved 1179648K
  class space    used 19249K, committed 19776K, reserved 1048576K
}
Event: 310.844 GC heap after
{Heap after GC invocations=57 (full 0):
 garbage-first heap   total 1314816K, used 589824K [0x0000000600000000, 0x0000000800000000)
  region size 4096K, 2 young (8192K), 2 survivors (8192K)
 Metaspace       used 147946K, committed 149056K, reserved 1179648K
  class space    used 19249K, committed 19776K, reserved 1048576K
}
Event: 311.270 GC heap before
{Heap before GC invocations=57 (full 0):
 garbage-first heap   total 1314816K, used 643072K [0x0000000600000000, 0x0000000800000000)
  region size 4096K, 16 young (65536K), 2 survivors (8192K)
 Metaspace       used 147954K, committed 149056K, reserved 1179648K
  class space    used 19249K, committed 19776K, reserved 1048576K
}

