# JRE version: OpenJDK Runtime Environment (17.0.9) (build 17.0.9+0--11185874)
# Java VM: OpenJDK 64-Bit Server VM (17.0.9+0--11185874, mixed mode, tiered, compressed oops, compressed class ptrs, g1 gc, windows-amd64)
GC Precious Log:
 CPUs: 4 total, 4 available
 Memory: 12172M
 Large Page Support: Disabled
 NUMA Support: Disabled
 Compressed Oops: Enabled (Zero based)
 Heap Region Size: 4M
 Heap Min Capacity: 8M
 Heap Initial Capacity: 192M
 Heap Max Capacity: 8G
 Pre-touch: Disabled
 Parallel Workers: 4
 Concurrent Workers: 1
 Concurrent Refinement Workers: 4
 Periodic GC: Disabled
Heap:
 garbage-first heap   total 1605632K, used 387959K [0x0000000600000000, 0x0000000800000000)
  region size 4096K, 3 young (12288K), 3 survivors (12288K)
 Metaspace       used 124988K, committed 125824K, reserved 1179648K
  class space    used 16669K, committed 17088K, reserved 1048576K
GC Heap History (20 events):
Event: 35.038 GC heap after
{Heap after GC invocations=53 (full 0):
 garbage-first heap   total 462848K, used 291791K [0x0000000600000000, 0x0000000800000000)
  region size 4096K, 3 young (12288K), 3 survivors (12288K)
 Metaspace       used 109556K, committed 110336K, reserved 1179648K
  class space    used 14932K, committed 15296K, reserved 1048576K
}
Event: 35.697 GC heap before
{Heap before GC invocations=53 (full 0):
 garbage-first heap   total 462848K, used 345039K [0x0000000600000000, 0x0000000800000000)
  region size 4096K, 16 young (65536K), 3 survivors (12288K)
 Metaspace       used 109562K, committed 110336K, reserved 1179648K
  class space    used 14932K, committed 15296K, reserved 1048576K
}
Event: 35.797 GC heap after
{Heap after GC invocations=54 (full 0):
 garbage-first heap   total 462848K, used 319231K [0x0000000600000000, 0x0000000800000000)
  region size 4096K, 2 young (8192K), 2 survivors (8192K)
 Metaspace       used 109562K, committed 110336K, reserved 1179648K
  class space    used 14932K, committed 15296K, reserved 1048576K
}
Event: 36.518 GC heap before
{Heap before GC invocations=55 (full 0):
 garbage-first heap   total 548864K, used 360191K [0x0000000600000000, 0x0000000800000000)
  region size 4096K, 12 young (49152K), 2 survivors (8192K)
 Metaspace       used 109563K, committed 110336K, reserved 1179648K
  class space    used 14932K, committed 15296K, reserved 1048576K
}
Event: 36.578 GC heap after
{Heap after GC invocations=56 (full 0):
 garbage-first heap   total 548864K, used 342850K [0x0000000600000000, 0x0000000800000000)
  region size 4096K, 2 young (8192K), 2 survivors (8192K)
 Metaspace       used 109563K, committed 110336K, reserved 1179648K
  class space    used 14932K, committed 15296K, reserved 1048576K
}
Event: 36.642 GC heap before
{Heap before GC invocations=56 (full 0):
 garbage-first heap   total 548864K, used 355138K [0x0000000600000000, 0x0000000800000000)
  region size 4096K, 6 young (24576K), 2 survivors (8192K)
 Metaspace       used 109563K, committed 110336K, reserved 1179648K
  class space    used 14932K, committed 15296K, reserved 1048576K
}
Event: 36.702 GC heap after
{Heap after GC invocations=57 (full 0):
 garbage-first heap   total 1605632K, used 350225K [0x0000000600000000, 0x0000000800000000)
  region size 4096K, 1 young (4096K), 1 survivors (4096K)
 Metaspace       used 109563K, committed 110336K, reserved 1179648K
  class space    used 14932K, committed 15296K, reserved 1048576K
}
Event: 39.393 GC heap before
{Heap before GC invocations=57 (full 0):
 garbage-first heap   total 1605632K, used 514065K [0x0000000600000000, 0x0000000800000000)
  region size 4096K, 41 young (167936K), 1 survivors (4096K)
 Metaspace       used 113895K, committed 114624K, reserved 1179648K
  class space    used 15538K, committed 15872K, reserved 1048576K
}
Event: 39.459 GC heap after
{Heap after GC invocations=58 (full 0):
 garbage-first heap   total 1605632K, used 372736K [0x0000000600000000, 0x0000000800000000)
  region size 4096K, 6 young (24576K), 6 survivors (24576K)
 Metaspace       used 113895K, committed 114624K, reserved 1179648K
  class space    used 15538K, committed 15872K, reserved 1048576K
}
Event: 43.125 GC heap before
{Heap before GC invocations=58 (full 0):
 garbage-first heap   total 1605632K, used 540672K [0x0000000600000000, 0x0000000800000000)
  region size 4096K, 48 young (196608K), 6 survivors (24576K)
 Metaspace       used 115242K, committed 116160K, reserved 1179648K
  class space    used 15698K, committed 16128K, reserved 1048576K
}
Event: 43.261 GC heap after
{Heap after GC invocations=59 (full 0):
 garbage-first heap   total 1605632K, used 395758K [0x0000000600000000, 0x0000000800000000)
  region size 4096K, 6 young (24576K), 6 survivors (24576K)
 Metaspace       used 115242K, committed 116160K, reserved 1179648K
  class space    used 15698K, committed 16128K, reserved 1048576K
}
Event: 43.882 GC heap before
{Heap before GC invocations=59 (full 0):
 garbage-first heap   total 1605632K, used 444910K [0x0000000600000000, 0x0000000800000000)
  region size 4096K, 19 young (77824K), 6 survivors (24576K)
 Metaspace       used 115612K, committed 116416K, reserved 1179648K
  class space    used 15722K, committed 16128K, reserved 1048576K
}
Event: 43.942 GC heap after
{Heap after GC invocations=60 (full 0):
 garbage-first heap   total 1605632K, used 401710K [0x0000000600000000, 0x0000000800000000)
  region size 4096K, 2 young (8192K), 2 survivors (8192K)
 Metaspace       used 115612K, committed 116416K, reserved 1179648K
  class space    used 15722K, committed 16128K, reserved 1048576K
}
Event: 56.411 GC heap before
{Heap before GC invocations=60 (full 0):
 garbage-first heap   total 1605632K, used 1032494K [0x0000000600000000, 0x0000000800000000)
  region size 4096K, 146 young (598016K), 2 survivors (8192K)
 Metaspace       used 119207K, committed 120064K, reserved 1179648K
  class space    used 16125K, committed 16512K, reserved 1048576K
}
Event: 56.491 GC heap after
{Heap after GC invocations=61 (full 0):
 garbage-first heap   total 1605632K, used 429824K [0x0000000600000000, 0x0000000800000000)
  region size 4096K, 9 young (36864K), 9 survivors (36864K)
 Metaspace       used 119207K, committed 120064K, reserved 1179648K
  class space    used 16125K, committed 16512K, reserved 1048576K
}
Event: 78.908 GC heap before
{Heap before GC invocations=62 (full 0):
 garbage-first heap   total 1421312K, used 1036032K [0x0000000600000000, 0x0000000800000000)
  region size 4096K, 166 young (679936K), 9 survivors (36864K)
 Metaspace       used 124607K, committed 125504K, reserved 1179648K
  class space    used 16660K, committed 17088K, reserved 1048576K
}
Event: 79.164 GC heap after
{Heap after GC invocations=63 (full 0):
 garbage-first heap   total 1421312K, used 465792K [0x0000000600000000, 0x0000000800000000)
  region size 4096K, 21 young (86016K), 21 survivors (86016K)
 Metaspace       used 124607K, committed 125504K, reserved 1179648K
  class space    used 16660K, committed 17088K, reserved 1048576K
}
Event: 79.193 GC heap before
{Heap before GC invocations=63 (full 0):
 garbage-first heap   total 1421312K, used 469888K [0x0000000600000000, 0x0000000800000000)
  region size 4096K, 22 young (90112K), 21 survivors (86016K)
 Metaspace       used 124608K, committed 125504K, reserved 1179648K
  class space    used 16660K, committed 17088K, reserved 1048576K
}
Event: 79.337 GC heap after
{Heap after GC invocations=64 (full 0):
 garbage-first heap   total 1421312K, used 387136K [0x0000000600000000, 0x0000000800000000)
  region size 4096K, 2 young (8192K), 2 survivors (8192K)
 Metaspace       used 124608K, committed 125504K, reserved 1179648K
  class space    used 16660K, committed 17088K, reserved 1048576K
}
Event: 87.353 GC heap before
{Heap before GC invocations=64 (full 0):
 garbage-first heap   total 1421312K, used 919616K [0x0000000600000000, 0x0000000800000000)
  region size 4096K, 132 young (540672K), 2 survivors (8192K)
 Metaspace       used 124988K, committed 125824K, reserved 1179648K
  class space    used 16669K, committed 17088K, reserved 1048576K
}

