# JRE version: OpenJDK Runtime Environment (17.0.9) (build 17.0.9+0--11185874)
# Java VM: OpenJDK 64-Bit Server VM (17.0.9+0--11185874, mixed mode, tiered, compressed oops, compressed class ptrs, g1 gc, windows-amd64)
GC Precious Log:
 CPUs: 4 total, 4 available
 Memory: 12172M
 Large Page Support: Disabled
 NUMA Support: Disabled
 Compressed Oops: Enabled (Zero based)
 Heap Region Size: 4M
 Heap Min Capacity: 8M
 Heap Initial Capacity: 192M
 Heap Max Capacity: 8G
 Pre-touch: Disabled
 Parallel Workers: 4
 Concurrent Workers: 1
 Concurrent Refinement Workers: 4
 Periodic GC: Disabled
Heap:
 garbage-first heap   total 954368K, used 338292K [0x0000000600000000, 0x0000000800000000)
  region size 4096K, 43 young (176128K), 4 survivors (16384K)
 Metaspace       used 148711K, committed 150208K, reserved 1179648K
  class space    used 19488K, committed 20224K, reserved 1048576K
GC Heap History (20 events):
Event: 1032.207 GC heap before
{Heap before GC invocations=53 (full 0):
 garbage-first heap   total 344064K, used 270986K [0x0000000600000000, 0x0000000800000000)
  region size 4096K, 26 young (106496K), 1 survivors (4096K)
 Metaspace       used 124417K, committed 125440K, reserved 1179648K
  class space    used 16300K, committed 16768K, reserved 1048576K
}
Event: 1032.232 GC heap after
{Heap after GC invocations=54 (full 0):
 garbage-first heap   total 344064K, used 190499K [0x0000000600000000, 0x0000000800000000)
  region size 4096K, 4 young (16384K), 4 survivors (16384K)
 Metaspace       used 124417K, committed 125440K, reserved 1179648K
  class space    used 16300K, committed 16768K, reserved 1048576K
}
Event: 1033.705 GC heap before
{Heap before GC invocations=55 (full 0):
 garbage-first heap   total 344064K, used 272419K [0x0000000600000000, 0x0000000800000000)
  region size 4096K, 24 young (98304K), 4 survivors (16384K)
 Metaspace       used 126233K, committed 127232K, reserved 1179648K
  class space    used 16515K, committed 16960K, reserved 1048576K
}
Event: 1033.723 GC heap after
{Heap after GC invocations=56 (full 0):
 garbage-first heap   total 344064K, used 191078K [0x0000000600000000, 0x0000000800000000)
  region size 4096K, 2 young (8192K), 2 survivors (8192K)
 Metaspace       used 126233K, committed 127232K, reserved 1179648K
  class space    used 16515K, committed 16960K, reserved 1048576K
}
Event: 1033.914 GC heap before
{Heap before GC invocations=56 (full 0):
 garbage-first heap   total 344064K, used 199270K [0x0000000600000000, 0x0000000800000000)
  region size 4096K, 4 young (16384K), 2 survivors (8192K)
 Metaspace       used 127888K, committed 128896K, reserved 1179648K
  class space    used 16734K, committed 17152K, reserved 1048576K
}
Event: 1033.933 GC heap after
{Heap after GC invocations=57 (full 0):
 garbage-first heap   total 344064K, used 188248K [0x0000000600000000, 0x0000000800000000)
  region size 4096K, 1 young (4096K), 1 survivors (4096K)
 Metaspace       used 127888K, committed 128896K, reserved 1179648K
  class space    used 16734K, committed 17152K, reserved 1048576K
}
Event: 1035.412 GC heap before
{Heap before GC invocations=57 (full 0):
 garbage-first heap   total 344064K, used 274264K [0x0000000600000000, 0x0000000800000000)
  region size 4096K, 22 young (90112K), 1 survivors (4096K)
 Metaspace       used 139152K, committed 140160K, reserved 1179648K
  class space    used 18387K, committed 18880K, reserved 1048576K
}
Event: 1035.421 GC heap after
{Heap after GC invocations=58 (full 0):
 garbage-first heap   total 344064K, used 191406K [0x0000000600000000, 0x0000000800000000)
  region size 4096K, 2 young (8192K), 2 survivors (8192K)
 Metaspace       used 139152K, committed 140160K, reserved 1179648K
  class space    used 18387K, committed 18880K, reserved 1048576K
}
Event: 1040.130 GC heap before
{Heap before GC invocations=59 (full 0):
 garbage-first heap   total 344064K, used 273326K [0x0000000600000000, 0x0000000800000000)
  region size 4096K, 23 young (94208K), 2 survivors (8192K)
 Metaspace       used 142721K, committed 143808K, reserved 1179648K
  class space    used 18935K, committed 19456K, reserved 1048576K
}
Event: 1040.141 GC heap after
{Heap after GC invocations=60 (full 0):
 garbage-first heap   total 344064K, used 193832K [0x0000000600000000, 0x0000000800000000)
  region size 4096K, 2 young (8192K), 2 survivors (8192K)
 Metaspace       used 142721K, committed 143808K, reserved 1179648K
  class space    used 18935K, committed 19456K, reserved 1048576K
}
Event: 1040.221 GC heap before
{Heap before GC invocations=60 (full 0):
 garbage-first heap   total 344064K, used 197928K [0x0000000600000000, 0x0000000800000000)
  region size 4096K, 4 young (16384K), 2 survivors (8192K)
 Metaspace       used 143006K, committed 144064K, reserved 1179648K
  class space    used 18977K, committed 19456K, reserved 1048576K
}
Event: 1040.249 GC heap after
{Heap after GC invocations=61 (full 0):
 garbage-first heap   total 344064K, used 177871K [0x0000000600000000, 0x0000000800000000)
  region size 4096K, 1 young (4096K), 1 survivors (4096K)
 Metaspace       used 143006K, committed 144064K, reserved 1179648K
  class space    used 18977K, committed 19456K, reserved 1048576K
}
Event: 1344.479 GC heap before
{Heap before GC invocations=61 (full 0):
 garbage-first heap   total 344064K, used 272079K [0x0000000600000000, 0x0000000800000000)
  region size 4096K, 25 young (102400K), 1 survivors (4096K)
 Metaspace       used 143360K, committed 144448K, reserved 1179648K
  class space    used 19022K, committed 19520K, reserved 1048576K
}
Event: 1344.488 GC heap after
{Heap after GC invocations=62 (full 0):
 garbage-first heap   total 954368K, used 175646K [0x0000000600000000, 0x0000000800000000)
  region size 4096K, 1 young (4096K), 1 survivors (4096K)
 Metaspace       used 143360K, committed 144448K, reserved 1179648K
  class space    used 19022K, committed 19520K, reserved 1048576K
}
Event: 2457.970 GC heap before
{Heap before GC invocations=62 (full 0):
 garbage-first heap   total 954368K, used 740894K [0x0000000600000000, 0x0000000800000000)
  region size 4096K, 139 young (569344K), 1 survivors (4096K)
 Metaspace       used 144903K, committed 146048K, reserved 1179648K
  class space    used 19102K, committed 19648K, reserved 1048576K
}
Event: 2457.984 GC heap after
{Heap after GC invocations=63 (full 0):
 garbage-first heap   total 954368K, used 178376K [0x0000000600000000, 0x0000000800000000)
  region size 4096K, 2 young (8192K), 2 survivors (8192K)
 Metaspace       used 144903K, committed 146048K, reserved 1179648K
  class space    used 19102K, committed 19648K, reserved 1048576K
}
Event: 2614.195 GC heap before
{Heap before GC invocations=63 (full 0):
 garbage-first heap   total 954368K, used 743624K [0x0000000600000000, 0x0000000800000000)
  region size 4096K, 139 young (569344K), 2 survivors (8192K)
 Metaspace       used 147096K, committed 148352K, reserved 1179648K
  class space    used 19296K, committed 19904K, reserved 1048576K
}
Event: 2614.209 GC heap after
{Heap after GC invocations=64 (full 0):
 garbage-first heap   total 954368K, used 178969K [0x0000000600000000, 0x0000000800000000)
  region size 4096K, 2 young (8192K), 2 survivors (8192K)
 Metaspace       used 147096K, committed 148352K, reserved 1179648K
  class space    used 19296K, committed 19904K, reserved 1048576K
}
Event: 8129.328 GC heap before
{Heap before GC invocations=64 (full 0):
 garbage-first heap   total 954368K, used 748313K [0x0000000600000000, 0x0000000800000000)
  region size 4096K, 139 young (569344K), 2 survivors (8192K)
 Metaspace       used 148570K, committed 150080K, reserved 1179648K
  class space    used 19486K, committed 20224K, reserved 1048576K
}
Event: 8129.356 GC heap after
{Heap after GC invocations=65 (full 0):
 garbage-first heap   total 954368K, used 186740K [0x0000000600000000, 0x0000000800000000)
  region size 4096K, 4 young (16384K), 4 survivors (16384K)
 Metaspace       used 148570K, committed 150080K, reserved 1179648K
  class space    used 19486K, committed 20224K, reserved 1048576K
}

