# JRE version: OpenJDK Runtime Environment (17.0.9) (build 17.0.9+0--11185874)
# Java VM: OpenJDK 64-Bit Server VM (17.0.9+0--11185874, mixed mode, tiered, compressed oops, compressed class ptrs, g1 gc, windows-amd64)
GC Precious Log:
 CPUs: 4 total, 4 available
 Memory: 12172M
 Large Page Support: Disabled
 NUMA Support: Disabled
 Compressed Oops: Enabled (Zero based)
 Heap Region Size: 4M
 Heap Min Capacity: 8M
 Heap Initial Capacity: 192M
 Heap Max Capacity: 8G
 Pre-touch: Disabled
 Parallel Workers: 4
 Concurrent Workers: 1
 Concurrent Refinement Workers: 4
 Periodic GC: Disabled
Heap:
 garbage-first heap   total 1667072K, used 895857K [0x0000000600000000, 0x0000000800000000)
  region size 4096K, 5 young (20480K), 5 survivors (20480K)
 Metaspace       used 167294K, committed 168576K, reserved 1245184K
  class space    used 21339K, committed 21952K, reserved 1048576K
GC Heap History (20 events):
Event: 112.851 GC heap after
{Heap after GC invocations=58 (full 0):
 garbage-first heap   total 962560K, used 473961K [0x0000000600000000, 0x0000000800000000)
  region size 4096K, 5 young (20480K), 5 survivors (20480K)
 Metaspace       used 161931K, committed 163136K, reserved 1245184K
  class space    used 20850K, committed 21440K, reserved 1048576K
}
Event: 116.839 GC heap before
{Heap before GC invocations=58 (full 0):
 garbage-first heap   total 962560K, used 826217K [0x0000000600000000, 0x0000000800000000)
  region size 4096K, 83 young (339968K), 5 survivors (20480K)
 Metaspace       used 164467K, committed 165696K, reserved 1245184K
  class space    used 21102K, committed 21696K, reserved 1048576K
}
Event: 116.922 GC heap after
{Heap after GC invocations=59 (full 0):
 garbage-first heap   total 962560K, used 564410K [0x0000000600000000, 0x0000000800000000)
  region size 4096K, 11 young (45056K), 11 survivors (45056K)
 Metaspace       used 164467K, committed 165696K, reserved 1245184K
  class space    used 21102K, committed 21696K, reserved 1048576K
}
Event: 118.092 GC heap before
{Heap before GC invocations=59 (full 0):
 garbage-first heap   total 962560K, used 769210K [0x0000000600000000, 0x0000000800000000)
  region size 4096K, 62 young (253952K), 11 survivors (45056K)
 Metaspace       used 164566K, committed 165824K, reserved 1245184K
  class space    used 21107K, committed 21696K, reserved 1048576K
}
Event: 118.347 GC heap after
{Heap after GC invocations=60 (full 0):
 garbage-first heap   total 962560K, used 658830K [0x0000000600000000, 0x0000000800000000)
  region size 4096K, 8 young (32768K), 8 survivors (32768K)
 Metaspace       used 164566K, committed 165824K, reserved 1245184K
  class space    used 21107K, committed 21696K, reserved 1048576K
}
Event: 119.241 GC heap before
{Heap before GC invocations=60 (full 0):
 garbage-first heap   total 962560K, used 765326K [0x0000000600000000, 0x0000000800000000)
  region size 4096K, 34 young (139264K), 8 survivors (32768K)
 Metaspace       used 164642K, committed 165888K, reserved 1245184K
  class space    used 21108K, committed 21696K, reserved 1048576K
}
Event: 119.423 GC heap after
{Heap after GC invocations=61 (full 0):
 garbage-first heap   total 1667072K, used 708608K [0x0000000600000000, 0x0000000800000000)
  region size 4096K, 5 young (20480K), 5 survivors (20480K)
 Metaspace       used 164642K, committed 165888K, reserved 1245184K
  class space    used 21108K, committed 21696K, reserved 1048576K
}
Event: 122.099 GC heap before
{Heap before GC invocations=61 (full 0):
 garbage-first heap   total 1667072K, used 901120K [0x0000000600000000, 0x0000000800000000)
  region size 4096K, 53 young (217088K), 5 survivors (20480K)
 Metaspace       used 164926K, committed 166144K, reserved 1245184K
  class space    used 21136K, committed 21696K, reserved 1048576K
}
Event: 122.167 GC heap after
{Heap after GC invocations=62 (full 0):
 garbage-first heap   total 1667072K, used 739496K [0x0000000600000000, 0x0000000800000000)
  region size 4096K, 7 young (28672K), 7 survivors (28672K)
 Metaspace       used 164926K, committed 166144K, reserved 1245184K
  class space    used 21136K, committed 21696K, reserved 1048576K
}
Event: 124.722 GC heap before
{Heap before GC invocations=62 (full 0):
 garbage-first heap   total 1667072K, used 960680K [0x0000000600000000, 0x0000000800000000)
  region size 4096K, 62 young (253952K), 7 survivors (28672K)
 Metaspace       used 165030K, committed 166272K, reserved 1245184K
  class space    used 21139K, committed 21696K, reserved 1048576K
}
Event: 124.840 GC heap after
{Heap after GC invocations=63 (full 0):
 garbage-first heap   total 1667072K, used 782336K [0x0000000600000000, 0x0000000800000000)
  region size 4096K, 8 young (32768K), 8 survivors (32768K)
 Metaspace       used 165030K, committed 166272K, reserved 1245184K
  class space    used 21139K, committed 21696K, reserved 1048576K
}
Event: 127.101 GC heap before
{Heap before GC invocations=63 (full 0):
 garbage-first heap   total 1667072K, used 1064960K [0x0000000600000000, 0x0000000800000000)
  region size 4096K, 67 young (274432K), 8 survivors (32768K)
 Metaspace       used 166057K, committed 167296K, reserved 1245184K
  class space    used 21242K, committed 21824K, reserved 1048576K
}
Event: 127.124 GC heap after
{Heap after GC invocations=64 (full 0):
 garbage-first heap   total 1667072K, used 771893K [0x0000000600000000, 0x0000000800000000)
  region size 4096K, 2 young (8192K), 2 survivors (8192K)
 Metaspace       used 166057K, committed 167296K, reserved 1245184K
  class space    used 21242K, committed 21824K, reserved 1048576K
}
Event: 133.438 GC heap before
{Heap before GC invocations=64 (full 0):
 garbage-first heap   total 1667072K, used 1251125K [0x0000000600000000, 0x0000000800000000)
  region size 4096K, 120 young (491520K), 2 survivors (8192K)
 Metaspace       used 166858K, committed 168128K, reserved 1245184K
  class space    used 21301K, committed 21888K, reserved 1048576K
}
Event: 133.575 GC heap after
{Heap after GC invocations=65 (full 0):
 garbage-first heap   total 1667072K, used 841583K [0x0000000600000000, 0x0000000800000000)
  region size 4096K, 15 young (61440K), 15 survivors (61440K)
 Metaspace       used 166858K, committed 168128K, reserved 1245184K
  class space    used 21301K, committed 21888K, reserved 1048576K
}
Event: 135.552 GC heap before
{Heap before GC invocations=65 (full 0):
 garbage-first heap   total 1667072K, used 1120111K [0x0000000600000000, 0x0000000800000000)
  region size 4096K, 79 young (323584K), 15 survivors (61440K)
 Metaspace       used 167076K, committed 168320K, reserved 1245184K
  class space    used 21322K, committed 21888K, reserved 1048576K
}
Event: 135.659 GC heap after
{Heap after GC invocations=66 (full 0):
 garbage-first heap   total 1667072K, used 881134K [0x0000000600000000, 0x0000000800000000)
  region size 4096K, 8 young (32768K), 8 survivors (32768K)
 Metaspace       used 167076K, committed 168320K, reserved 1245184K
  class space    used 21322K, committed 21888K, reserved 1048576K
}
Event: 138.018 GC heap before
{Heap before GC invocations=66 (full 0):
 garbage-first heap   total 1667072K, used 1298926K [0x0000000600000000, 0x0000000800000000)
  region size 4096K, 110 young (450560K), 8 survivors (32768K)
 Metaspace       used 167203K, committed 168448K, reserved 1245184K
  class space    used 21329K, committed 21888K, reserved 1048576K
}
Event: 138.125 GC heap after
{Heap after GC invocations=67 (full 0):
 garbage-first heap   total 1667072K, used 887278K [0x0000000600000000, 0x0000000800000000)
  region size 4096K, 9 young (36864K), 9 survivors (36864K)
 Metaspace       used 167203K, committed 168448K, reserved 1245184K
  class space    used 21329K, committed 21888K, reserved 1048576K
}
Event: 140.037 GC heap before
{Heap before GC invocations=67 (full 0):
 garbage-first heap   total 1667072K, used 1325550K [0x0000000600000000, 0x0000000800000000)
  region size 4096K, 116 young (475136K), 9 survivors (36864K)
 Metaspace       used 167294K, committed 168576K, reserved 1245184K
  class space    used 21339K, committed 21952K, reserved 1048576K
}

